
[1mRooFit v3.60 -- Developed by Wouter Verkerke and David Kirkby[0m 
                Copyright (C) 2000-2013 NIKHEF, University of California & Stanford University
                All rights reserved, please read http://roofit.sourceforge.net/license.txt


[1mGammaCombo v1.3 [0m-- All rights reserved under GPLv3, http://www.gnu.org/licenses/gpl.txt


Combiner Configuration: 2D Gaus & Gaus 1
=======================

 1. [measurement   2] 1D Gaussian (a_{obs} =  1.5)                                     
 2. [measurement   3] 2D Gaussian (a_{obs}, b_{obs})                                   

loading scanner: plots/scanner/tutorial_scanner_tutorial5_a_gaus.root
loading scanner: plots/scanner/tutorial_scanner_tutorial5_Plugin_a_gaus.root
Computing CL values based on test statistic decision
Using 2-sided test statistic
CONFIDENCE INTERVALS for combination tutorial5

a_gaus = [   0.74,    1.66] (   1.20 -   0.46 +   0.46) @0.68CL, Prob

a_gaus = [   0.27,    2.13] (   1.20 -   0.93 +   0.93) @0.95CL, Prob

a_gaus = [   -0.2,     2.5] (    1.2 -    1.4 +    1.3) @1.00CL, Prob




a_gaus = [  -2.50,    2.50] @1.00CL, Prob (boundary scan)

Fit quality: chi2/(nObs-nPar) = 1.54/(3-2), P = 21.5%

CONFIDENCE INTERVALS for combination tutorial5

a_gaus = [   0.85,    1.47] (   1.20 -   0.35 +   0.27) @0.68CL, Plugin

a_gaus = [   0.83,    1.71] (   1.20 -   0.37 +   0.51) @0.95CL, Plugin

a_gaus = [   0.83,    1.72] (   1.20 -   0.37 +   0.52) @1.00CL, Plugin




Fit quality: chi2/(nObs-nPar) = 1.54/(3-2), P = 21.5%

saving plot (pdf and other formats) to: plots/pdf/tutorial_tutorial5_a_gaus_plugin.pdf

Real time 0:00:00, CP time 0.280
