
[1mRooFit v3.60 -- Developed by Wouter Verkerke and David Kirkby[0m 
                Copyright (C) 2000-2013 NIKHEF, University of California & Stanford University
                All rights reserved, please read http://roofit.sourceforge.net/license.txt

INFO in PDF_Datasets::initData -- Data initialized
INFO in PDF_Datasets::initBkgPDF -- PDF initialized. CLs method ready.
INFO in PDF_Datasets::initPDF -- PDF initialized
[#1] INFO:Minization -- createNLL: caching constraint set under name CONSTR_OF_PDF_mass_model_FOR_OBS_mass with 1 entries
[#1] INFO:Minization --  Including the following contraint terms in minimization: (norm_constant_constraint)
[#0] WARNING:Eval -- RooAbsPdf::getLogVal(norm_constant_constraint) WARNING: large likelihood value: 7.97883e+08
[#1] INFO:Eval -- RooRealVar::setRange(mass) new range named 'unblind0' created with bounds [4360,6360]

[1mGammaCombo v1.3 [0m-- All rights reserved under GPLv3, http://www.gnu.org/licenses/gpl.txt

=============== Global minimum (2*-Log(Likelihood)) is: 2*-325.811 = -651.621
=============== Bkg minimum (2*-Log(Likelihood)) is: 2*-325.53 = -651.059
loading scanner: plots/scanner/tutorial_dataset_scanner_PDF_Dataset_DatasetsProb_branchingRatio.root
analysing toys ...
  5%
 10%
 15%
 20%
 25%
 30%
 35%
 40%
 45%
 50%
 55%
 60%
 65%
 70%
 75%
 80%
 85%
 90%
 95%
100%
Best fit at: scanVar  = 1.02813e-07 with Chi2Min: -651.621
=============== Global Minimum (2*-Log(Likelihood)) is: 2*-325.811 = -651.621
=============== Bkg minimum (2*-Log(Likelihood)) is: -651.059
MethodDatasetsPluginScan::scan1d_plugin() : starting ... with 20 scanpoints...
  5%
 10%
 15%
 20%
 25%
 30%
 35%
 40%
 45%
 50%
 55%
 60%
 65%
 70%
 75%
 80%
 85%
 90%
 95%
100%
Dataset Scan Done

Real time 0:00:16, CP time 16.640
